<?xml version="1.0" encoding="utf-8"?><testsuites name="pytest tests"><testsuite name="pytest" errors="0" failures="0" skipped="0" tests="40" time="13.554" timestamp="2026-05-31T17:12:56.494829+00:00" hostname="agent-env-d9e38953-15fe-4597-a0a8-89da5b117faf"><testcase classname="backend.tests.test_expansion_universal_search.TestPortalsMeta" name="test_meta_shape" time="0.175" /><testcase classname="backend.tests.test_expansion_universal_search.TestPortalsSearch" name="test_harvard_exact" time="0.045" /><testcase classname="backend.tests.test_expansion_universal_search.TestPortalsSearch" name="test_tokyo_intl" time="0.051" /><testcase classname="backend.tests.test_expansion_universal_search.TestPortalsSearch" name="test_stanford_private_research" time="0.049" /><testcase classname="backend.tests.test_expansion_universal_search.TestPortalsSearch" name="test_hbcu_category" time="0.049" /><testcase classname="backend.tests.test_expansion_universal_search.TestPortalsSearch" name="test_intl_region_only" time="0.046" /><testcase classname="backend.tests.test_expansion_universal_search.TestPortalsSearch" name="test_limit_60_no_filter" time="0.045" /><testcase classname="backend.tests.test_expansion_universal_search.TestPortalDetail" name="test_known" time="0.046" /><testcase classname="backend.tests.test_expansion_universal_search.TestPortalDetail" name="test_unknown_404" time="0.046" /><testcase classname="backend.tests.test_expansion_universal_search.TestFeatured" name="test_eight_marquee" time="0.047" /><testcase classname="backend.tests.test_expansion_universal_search.TestAgentRegression" name="test_uapb_duo_push" time="0.896" /><testcase classname="backend.tests.test_expansion_universal_search.TestAgentRegression" name="test_csun_sms" time="0.141" /><testcase classname="backend.tests.test_expansion_universal_search.TestDiscoveryStart" name="test_rejects_empty_school" time="0.048" /><testcase classname="backend.tests.test_expansion_universal_search.TestDiscoveryStart" name="test_rejects_unknown_user" time="0.052" /><testcase classname="backend.tests.test_expansion_universal_search.TestDiscoveryStart" name="test_creates_discovery_session" time="0.048" /><testcase classname="backend.tests.test_expansion_universal_search.TestDiscoveryStart" name="test_full_discovery_pipeline" time="0.135" /><testcase classname="backend.tests.test_kernel" name="test_report_returns_ready_analysis" time="3.520" /><testcase classname="backend.tests.test_kernel" name="test_list_reports_returns_items_and_count" time="0.059" /><testcase classname="backend.tests.test_kernel" name="test_get_single_report_matches" time="0.057" /><testcase classname="backend.tests.test_kernel" name="test_get_missing_report_returns_404" time="0.057" /><testcase classname="backend.tests.test_kernel" name="test_resolve_flips_resolved_flag" time="0.062" /><testcase classname="backend.tests.test_kernel" name="test_stats_shape" time="0.056" /><testcase classname="backend.tests.test_kernel" name="test_delete_purges_report" time="3.646" /><testcase classname="backend.tests.test_kernel" name="test_http_exception_not_swallowed_by_kernel_handler" time="0.768" /><testcase classname="backend.tests.test_one_click_transcript.TestUserBootstrap" name="test_repeat_device_returns_same_user" time="0.266" /><testcase classname="backend.tests.test_one_click_transcript.TestUserBootstrap" name="test_new_device_creates_new_user" time="0.060" /><testcase classname="backend.tests.test_one_click_transcript.TestIDMe" name="test_missing_fields_rejected" time="0.659" /><testcase classname="backend.tests.test_one_click_transcript.TestIDMe" name="test_verify_sets_flags" time="0.656" /><testcase classname="backend.tests.test_one_click_transcript.TestAgent" name="test_portals_list" time="0.057" /><testcase classname="backend.tests.test_one_click_transcript.TestAgent" name="test_unknown_portal_400" time="0.054" /><testcase classname="backend.tests.test_one_click_transcript.TestAgent" name="test_unknown_user_404" time="0.059" /><testcase classname="backend.tests.test_one_click_transcript.TestAgent" name="test_uapb_full_flow" time="0.328" /><testcase classname="backend.tests.test_one_click_transcript.TestAgent" name="test_csun_sms_rejects_short_code" time="0.225" /><testcase classname="backend.tests.test_one_click_transcript.TestVault" name="test_list_user_docs" time="0.054" /><testcase classname="backend.tests.test_one_click_transcript.TestShare" name="test_share_rejects_other_users_doc" time="0.126" /><testcase classname="backend.tests.test_one_click_transcript.TestShare" name="test_share_create_and_destruct_on_max_views" time="0.188" /><testcase classname="backend.tests.test_one_click_transcript.TestShare" name="test_manual_revoke" time="0.174" /><testcase classname="backend.tests.test_one_click_transcript.TestSecurity" name="test_dashboard" time="0.063" /><testcase classname="backend.tests.test_one_click_transcript.TestVaultDelete" name="test_delete_cascades_shares" time="0.273" /><testcase classname="backend.tests.test_one_click_transcript.TestSettings" name="test_toggle_biometric" time="0.061" /></testsuite></testsuites>