<?xml version="1.0" encoding="utf-8"?><testsuites name="pytest tests"><testsuite name="pytest" errors="0" failures="0" skipped="0" tests="16" time="3.324" timestamp="2026-05-29T00:12:01.934406+00:00" hostname="agent-env-d9e38953-15fe-4597-a0a8-89da5b117faf"><testcase classname="backend.tests.test_one_click_transcript.TestUserBootstrap" name="test_repeat_device_returns_same_user" time="0.283" /><testcase classname="backend.tests.test_one_click_transcript.TestUserBootstrap" name="test_new_device_creates_new_user" time="0.055" /><testcase classname="backend.tests.test_one_click_transcript.TestIDMe" name="test_missing_fields_rejected" time="0.652" /><testcase classname="backend.tests.test_one_click_transcript.TestIDMe" name="test_verify_sets_flags" time="0.679" /><testcase classname="backend.tests.test_one_click_transcript.TestAgent" name="test_portals_list" time="0.050" /><testcase classname="backend.tests.test_one_click_transcript.TestAgent" name="test_unknown_portal_400" time="0.074" /><testcase classname="backend.tests.test_one_click_transcript.TestAgent" name="test_unknown_user_404" time="0.062" /><testcase classname="backend.tests.test_one_click_transcript.TestAgent" name="test_uapb_full_flow" time="0.270" /><testcase classname="backend.tests.test_one_click_transcript.TestAgent" name="test_csun_sms_rejects_short_code" time="0.206" /><testcase classname="backend.tests.test_one_click_transcript.TestVault" name="test_list_user_docs" time="0.110" /><testcase classname="backend.tests.test_one_click_transcript.TestShare" name="test_share_rejects_other_users_doc" time="0.099" /><testcase classname="backend.tests.test_one_click_transcript.TestShare" name="test_share_create_and_destruct_on_max_views" time="0.149" /><testcase classname="backend.tests.test_one_click_transcript.TestShare" name="test_manual_revoke" time="0.153" /><testcase classname="backend.tests.test_one_click_transcript.TestSecurity" name="test_dashboard" time="0.054" /><testcase classname="backend.tests.test_one_click_transcript.TestVaultDelete" name="test_delete_cascades_shares" time="0.204" /><testcase classname="backend.tests.test_one_click_transcript.TestSettings" name="test_toggle_biometric" time="0.050" /></testsuite></testsuites>