<?xml version="1.0" encoding="utf-8"?><testsuites name="pytest tests"><testsuite name="pytest" errors="0" failures="0" skipped="0" tests="8" time="9.234" timestamp="2026-05-31T17:12:43.026328+00:00" hostname="agent-env-d9e38953-15fe-4597-a0a8-89da5b117faf"><testcase classname="backend.tests.test_kernel" name="test_report_returns_ready_analysis" time="4.099" /><testcase classname="backend.tests.test_kernel" name="test_list_reports_returns_items_and_count" time="0.076" /><testcase classname="backend.tests.test_kernel" name="test_get_single_report_matches" time="0.062" /><testcase classname="backend.tests.test_kernel" name="test_get_missing_report_returns_404" time="0.048" /><testcase classname="backend.tests.test_kernel" name="test_resolve_flips_resolved_flag" time="0.052" /><testcase classname="backend.tests.test_kernel" name="test_stats_shape" time="0.051" /><testcase classname="backend.tests.test_kernel" name="test_delete_purges_report" time="4.011" /><testcase classname="backend.tests.test_kernel" name="test_http_exception_not_swallowed_by_kernel_handler" time="0.750" /></testsuite></testsuites>