<?xml version="1.0" encoding="utf-8"?><testsuites name="pytest tests"><testsuite name="pytest" errors="0" failures="0" skipped="0" tests="16" time="2.260" timestamp="2026-05-30T02:07:56.380938+00:00" hostname="agent-env-d9e38953-15fe-4597-a0a8-89da5b117faf"><testcase classname="backend.tests.test_expansion_universal_search.TestPortalsMeta" name="test_meta_shape" time="0.268" /><testcase classname="backend.tests.test_expansion_universal_search.TestPortalsSearch" name="test_harvard_exact" time="0.052" /><testcase classname="backend.tests.test_expansion_universal_search.TestPortalsSearch" name="test_tokyo_intl" time="0.056" /><testcase classname="backend.tests.test_expansion_universal_search.TestPortalsSearch" name="test_stanford_private_research" time="0.048" /><testcase classname="backend.tests.test_expansion_universal_search.TestPortalsSearch" name="test_hbcu_category" time="0.053" /><testcase classname="backend.tests.test_expansion_universal_search.TestPortalsSearch" name="test_intl_region_only" time="0.054" /><testcase classname="backend.tests.test_expansion_universal_search.TestPortalsSearch" name="test_limit_60_no_filter" time="0.051" /><testcase classname="backend.tests.test_expansion_universal_search.TestPortalDetail" name="test_known" time="0.047" /><testcase classname="backend.tests.test_expansion_universal_search.TestPortalDetail" name="test_unknown_404" time="0.058" /><testcase classname="backend.tests.test_expansion_universal_search.TestFeatured" name="test_eight_marquee" time="0.045" /><testcase classname="backend.tests.test_expansion_universal_search.TestAgentRegression" name="test_uapb_duo_push" time="0.916" /><testcase classname="backend.tests.test_expansion_universal_search.TestAgentRegression" name="test_csun_sms" time="0.151" /><testcase classname="backend.tests.test_expansion_universal_search.TestDiscoveryStart" name="test_rejects_empty_school" time="0.046" /><testcase classname="backend.tests.test_expansion_universal_search.TestDiscoveryStart" name="test_rejects_unknown_user" time="0.052" /><testcase classname="backend.tests.test_expansion_universal_search.TestDiscoveryStart" name="test_creates_discovery_session" time="0.053" /><testcase classname="backend.tests.test_expansion_universal_search.TestDiscoveryStart" name="test_full_discovery_pipeline" time="0.164" /></testsuite></testsuites>