<?xml version="1.0" encoding="utf-8"?><testsuites name="pytest tests"><testsuite name="pytest" errors="0" failures="0" skipped="0" tests="16" time="2.926" timestamp="2026-05-31T16:46:55.636161+00:00" hostname="agent-env-d9e38953-15fe-4597-a0a8-89da5b117faf"><testcase classname="backend.tests.test_one_click_transcript.TestUserBootstrap" name="test_repeat_device_returns_same_user" time="0.237" /><testcase classname="backend.tests.test_one_click_transcript.TestUserBootstrap" name="test_new_device_creates_new_user" time="0.046" /><testcase classname="backend.tests.test_one_click_transcript.TestIDMe" name="test_missing_fields_rejected" time="0.647" /><testcase classname="backend.tests.test_one_click_transcript.TestIDMe" name="test_verify_sets_flags" time="0.648" /><testcase classname="backend.tests.test_one_click_transcript.TestAgent" name="test_portals_list" time="0.049" /><testcase classname="backend.tests.test_one_click_transcript.TestAgent" name="test_unknown_portal_400" time="0.042" /><testcase classname="backend.tests.test_one_click_transcript.TestAgent" name="test_unknown_user_404" time="0.049" /><testcase classname="backend.tests.test_one_click_transcript.TestAgent" name="test_uapb_full_flow" time="0.230" /><testcase classname="backend.tests.test_one_click_transcript.TestAgent" name="test_csun_sms_rejects_short_code" time="0.180" /><testcase classname="backend.tests.test_one_click_transcript.TestVault" name="test_list_user_docs" time="0.050" /><testcase classname="backend.tests.test_one_click_transcript.TestShare" name="test_share_rejects_other_users_doc" time="0.090" /><testcase classname="backend.tests.test_one_click_transcript.TestShare" name="test_share_create_and_destruct_on_max_views" time="0.134" /><testcase classname="backend.tests.test_one_click_transcript.TestShare" name="test_manual_revoke" time="0.136" /><testcase classname="backend.tests.test_one_click_transcript.TestSecurity" name="test_dashboard" time="0.049" /><testcase classname="backend.tests.test_one_click_transcript.TestVaultDelete" name="test_delete_cascades_shares" time="0.198" /><testcase classname="backend.tests.test_one_click_transcript.TestSettings" name="test_toggle_biometric" time="0.049" /></testsuite></testsuites>